Logger started at: 2014”N1ŒŽ18“ú 9Žž12•ª04•b JST
Component: com.appcelerator.titanium.ios.core
Version: 1.0.0.1387331057
[12:4.347] Sent: >21*1390003924347*version<
[12:4.348] Recv: >1390003924347*2*3.2.0.GA<
[12:4.351] Sent: >36*1390003924348*option*monitorXHR*true<
[12:4.352] Recv: >1390003924348<
[12:4.353] Sent: >45*1390003924349*option*stepFiltersEnabled*false<
[12:4.356] Recv: >1390003924349<
[12:4.356] Sent: >45*1390003924350*option*suspendOnFirstLine*false<
[12:4.357] Recv: >1390003924350<
[12:4.358] Sent: >46*1390003924351*option*suspendOnExceptions*false<
[12:4.358] Recv: >1390003924351<
[12:4.358] Sent: >41*1390003924352*option*suspendOnErrors*true<
[12:4.359] Recv: >1390003924352<
[12:4.360] Sent: >43*1390003924353*option*suspendOnKeywords*true<
[12:4.360] Recv: >1390003924353<
[12:4.360] Sent: >45*1390003924354*option*bypassConstructors*false<
[12:4.361] Recv: >1390003924354<
[12:4.361] Sent: >45*1390003924355*option*stepFiltersEnabled*false<
[12:4.361] Recv: >1390003924355<
[12:4.362] Sent: >30*1390003924356*detailFormatters<
[12:4.362] Recv: >1390003924356<
[12:4.363] Sent: >52*1390003924357*breakpoint*create*app:/app.js*2*1*0**1<
[12:4.363] Recv: >1390003924357*created<
[12:4.364] Sent: >58*1390003924358*breakpoint*create*app:/js/app2.js*132*1*0**1<
[12:4.365] Recv: >1390003924358*created<
[12:4.365] Sent: >57*1390003924359*breakpoint*create*app:/index.html*36*1*0**1<
[12:4.366] Recv: >1390003924359*created<
[12:4.366] Sent: >57*1390003924360*breakpoint*create*app:/index.html*25*1*0**1<
[12:4.367] Recv: >1390003924360*created<
[12:4.367] Sent: >58*1390003924361*breakpoint*create*app:/js/app2.js*179*0*0**1<
[12:4.368] Recv: >1390003924361*created<
[12:4.368] Sent: >58*1390003924362*breakpoint*create*app:/js/app2.js*180*0*0**1<
[12:4.369] Recv: >1390003924362*created<
[12:4.369] Sent: >57*1390003924363*breakpoint*create*app:/index.html*22*0*0**1<
[12:4.370] Recv: >1390003924363*created<
[12:4.370] Sent: >20*1390003924364*enable<
[12:4.370] Recv: >1390003924364<
[12:4.373] Recv: >threads*created*0*kroll$1<
[12:4.374] Recv: >log*out*[DEBUG] Analytics is enabled = YES<
[12:4.376] Recv: >log*out*[DEBUG] Loading: /Users/kentarokira/Library/Application Support/iPhone Simulator/7.0.3/Applications/A8B2CCC4-8B5E-4090-9AF4-9AFA6D6E4C08/todo3.app/app.js, Resource: app_js<
[12:4.382] Recv: >scripts*created*296528480|app:/app.js||1|5<
[12:4.383] Recv: >resumed*0*started<
[12:4.386] Recv: >suspended*0*breakpoint*app:/app.js*2<
[12:4.387] Sent: >22*1390003924365*frames*0<
[12:4.388] Recv: >1390003924365*0|||app:/app.js|2|false|0|0<
[12:5.884] Sent: >34*1390003924366*variables*0*frame[0]<
[12:5.886] Recv: >1390003924366*window|object|nov|[object TiUIWindow]*webView|undefined|wv|undefined*console|object|nov|[object TiConsole]<
[12:8.892] Sent: >11**stepInto*0<
[12:8.893] Recv: >resumed*0*stepInto<
[12:8.895] Recv: >suspended*0*breakpoint*app:/app.js*4<
[12:8.898] Sent: >22*1390003924367*frames*0<
[12:8.899] Recv: >1390003924367*0|||app:/app.js|4|false|0|0<
[12:9.55] Sent: >34*1390003924368*variables*0*frame[0]<
[12:9.57] Recv: >1390003924368*window|object|nov|[object TiUIWindow]*webView|object|nov|[object TiUIWebView]*console|object|nov|[object TiConsole]<
[12:9.992] Sent: >11**stepInto*0<
[12:9.993] Recv: >resumed*0*stepInto<
[12:9.993] Recv: >suspended*0*breakpoint*app:/app.js*5<
[12:9.994] Sent: >22*1390003924369*frames*0<
[12:9.995] Recv: >1390003924369*0|||app:/app.js|5|false|0|0<
[12:10.355] Sent: >34*1390003924370*variables*0*frame[0]<
[12:10.356] Recv: >1390003924370*window|object|nov|[object TiUIWindow]*webView|object|nov|[object TiUIWebView]*console|object|nov|[object TiConsole]<
[12:10.844] Sent: >11**stepInto*0<
[12:10.845] Recv: >resumed*0*stepInto<
[12:10.869] Recv: >log*out*[DEBUG] Application booted in 6568.311989 ms<
[12:10.879] Recv: >log*out*[DEBUG] New scheme: <NSMutableURLRequest: 0xcc516c0> { URL: file:///Users/kentarokira/Library/Application%20Support/iPhone%20Simulator/7.0.3/Applications/A8B2CCC4-8B5E-4090-9AF4-9AFA6D6E4C08/todo3.app/index.html }<
[12:10.884] Recv: >log*out*[DEBUG] Loading: /Users/kentarokira/Library/Application Support/iPhone Simulator/7.0.3/Applications/A8B2CCC4-8B5E-4090-9AF4-9AFA6D6E4C08/todo3.app/index.html, Resource: index_html<
[12:10.907] Recv: >log*out*[DEBUG] Loading: /Users/kentarokira/Library/Application Support/iPhone Simulator/7.0.3/Applications/A8B2CCC4-8B5E-4090-9AF4-9AFA6D6E4C08/todo3.app/js/jquery-1.10.2.js, Resource: js/jquery-1_10_2_js<
[12:10.909] Recv: >log*out*[DEBUG] Loading: /Users/kentarokira/Library/Application Support/iPhone Simulator/7.0.3/Applications/A8B2CCC4-8B5E-4090-9AF4-9AFA6D6E4C08/todo3.app/js/json2.js, Resource: js/json2_js<
[12:10.909] Recv: >log*out*[DEBUG] Loading: /Users/kentarokira/Library/Application Support/iPhone Simulator/7.0.3/Applications/A8B2CCC4-8B5E-4090-9AF4-9AFA6D6E4C08/todo3.app/js/underscore.js, Resource: js/underscore_js<
[12:10.910] Recv: >log*out*[DEBUG] Loading: /Users/kentarokira/Library/Application Support/iPhone Simulator/7.0.3/Applications/A8B2CCC4-8B5E-4090-9AF4-9AFA6D6E4C08/todo3.app/js/backbone.js, Resource: js/backbone_js<
[12:10.911] Recv: >log*out*[DEBUG] Loading: /Users/kentarokira/Library/Application Support/iPhone Simulator/7.0.3/Applications/A8B2CCC4-8B5E-4090-9AF4-9AFA6D6E4C08/todo3.app/js/app2.js, Resource: js/app2_js<
[13:55.962] Sent: >52*1390003924371*breakpoint*change*app:/app.js*2*1*0**1<
----------End of file----------
